<?xml version="1.0" encoding="UTF-8"?>
<!-- Generated by org.testng.reporters.JUnitReportReporter -->
<testsuite hostname="DESKTOP-K82IFAH" failures="0" tests="1" name="testscripts.CreateAndDuplicateLeadTest" time="20.650" errors="0" timestamp="2024-03-11T12:49:04 IST" skipped="0">
  <testcase classname="testscripts.CreateAndDuplicateLeadTest" name="CreateAndDuplicateLeadTest" time="20.650"/>
  <system-out/>
</testsuite> <!-- testscripts.CreateAndDuplicateLeadTest -->
