<?xml version="1.0" encoding="UTF-8"?>
<!-- Generated by org.testng.reporters.JUnitReportReporter -->
<testsuite hostname="DESKTOP-K82IFAH" failures="0" tests="1" name="testscripts.CreateOrgTest" time="15.113" errors="0" timestamp="2024-03-11T13:00:00 IST" skipped="0">
  <testcase classname="testscripts.CreateOrgTest" name="createNewOrgTest" time="15.113"/>
  <system-out/>
</testsuite> <!-- testscripts.CreateOrgTest -->
