<?xml version="1.0" encoding="UTF-8"?>
<!-- Generated by org.testng.reporters.JUnitReportReporter -->
<testsuite hostname="DESKTOP-K82IFAH" failures="0" tests="1" name="testscripts.CreateLeadTest" time="13.682" errors="0" timestamp="2024-03-11T12:59:36 IST" skipped="0">
  <testcase classname="testscripts.CreateLeadTest" name="createLeadTest" time="13.682"/>
  <system-out/>
</testsuite> <!-- testscripts.CreateLeadTest -->
