<?xml version="1.0" encoding="UTF-8"?>
<!-- Generated by org.testng.reporters.JUnitReportReporter -->
<testsuite hostname="DESKTOP-K82IFAH" failures="0" tests="1" name="testscripts.createContactTest" time="15.020" errors="0" timestamp="2024-03-11T12:50:25 IST" skipped="0">
  <testcase classname="testscripts.createContactTest" name="createContactTest" time="15.020"/>
  <system-out/>
</testsuite> <!-- testscripts.createContactTest -->
