<?xml version="1.0" encoding="UTF-8"?>
<!-- Generated by org.testng.reporters.JUnitReportReporter -->
<testsuite hostname="DESKTOP-K82IFAH" failures="0" tests="1" name="testscripts.createorgWithTypeAndIndustryTest" time="12.415" errors="0" timestamp="2024-03-11T13:00:24 IST" skipped="0">
  <testcase classname="testscripts.createorgWithTypeAndIndustryTest" name="createorgWithTypeAndIndustryTest" time="12.415"/>
  <system-out/>
</testsuite> <!-- testscripts.createorgWithTypeAndIndustryTest -->
