<?xml version="1.0" encoding="UTF-8"?>
<!-- Generated by org.testng.reporters.JUnitReportReporter -->
<testsuite hostname="DESKTOP-K82IFAH" failures="0" tests="1" name="testscripts.CreateEventTest" time="12.049" errors="0" timestamp="2024-03-11T12:59:12 IST" skipped="0">
  <testcase classname="testscripts.CreateEventTest" name="CreateEventTest" time="12.049"/>
  <system-out/>
</testsuite> <!-- testscripts.CreateEventTest -->
